mads 2.1.0
Source: /Users/johan/Documents/workspace/CodeJam2021/src/savefuture.asm
     1 				;
     2 				; OLC CodeJam 2021- Save the Future
     3 				;
     4 				; For the Atari 8-bit computers (64kB needed)
     5 				;
     6 				; Coded by: sjfroos
     7 				;
     8 				; Adresses needed
     9 				;
    10 = D40B			VCOUNT=$d40b
    11 = D40A			WSYNC=$d40a
    12 = E462			XITVBV=$e462
    13 = D404			HSCRL=$d404
    14 = E45C			SETVBV=$e45c
    15 = 02C4			COLOR0=708
    16 = 02C5			COLOR1=709
    17 = 02C6			COLOR2=710
    18 = 02C7			COLOR3=711
    19 = 02C8			COLOR4=712
    20 = 02F4			CHBAS=756
    21 = D016			COLPF0=$d016
    22 = D017			COLPF1=$d017
    23 = D018			COLPF2=$d018
    24 = D019			COLPF3=$d019
    25 = D01A			COLBK=$d01a
    26 = D409			CHBASE=$d409
    27 = D40E			NMIEN=$d40e
    28 				;
    29 				; Start adress
    30 				;
    31 					org $2000
    32
    33 				;
    34 				; Init
    35 				;
    36
    37 				start
    38 				; 	Load display list
    39 FFFF> 2000-204A> A9 1F		lda #<dl
    40 2002 8D 30 02			sta $230
    41 2005 A9 21			lda #>dl
    42 2007 8D 31 02			sta $231
    43 					; wide playfield
    44 					; (planned but not used)
    45 					;lda #35
    46 					;sta $22f
    47 200A A9 00			lda #0
    48 200C 8D 04 D4			sta HSCRL
    49 200F A9 06			lda #6
    50 2011 8D 48 20			sta co
    51
    52
    53 					; Character set at $7000
    54 2014 A9 70			lda #$70
    55 2016 8D F4 02			sta CHBAS
    56
    57 					; set colors
    58 					
    59 2019 A9 88			lda #$88
    60 201B 8D C8 02			sta COLOR4
    61
    62 201E A9 09			lda #$09
    63 2020 8D C4 02			sta COLOR0
    64 					
    65 2023 A9 0F			lda #$0f
    66 2025 8D C6 02			sta COLOR2 
    67
    68 2028 A9 06			lda #$06
    69 202A 8D C7 02			sta COLOR3
    70 					
    71 					; Set DLI
    72 202D A9 87			lda #<dli
    73 202F 8D 00 02			sta $200
    74 2032 A9 20			lda #>dli
    75 2034 8D 01 02			sta $201
    76 2037 A9 CF			lda #$CF
    77 2039 8D 0E D4			sta $d40e
    78 					; Set VBI
    79 203C A2 20			ldx #>vbi
    80 203E A0 4B			ldy #<vbi
    81 2040 A9 07			lda #$07
    82 2042 20 5C E4			jsr SETVBV
    83 					
    84
    85 2045 4C 45 20		stop	jmp stop	
    86
    87 2048 00			co	.byte $00
    88 2049 0C			co2 .byte $0c
    89 204A 18			co3 .byte $18
    90 				;
    91 02E0-02E1> 00 20			run start	
    92 				;
    93 				; VBI routine
    94 				;
    95 204B			vbi
    96 					;scroll
    97 204B-216E> CE 48 20		dec co
    98 204E D0 0B			bne notyet
    99 2050 EE 21 21			inc dl.lms00+1
   100 2053 EE 24 21			inc dl.lms01+1
   101 2056 A9 06			lda #6
   102 2058 8D 48 20			sta co
   103 205B			notyet	
   104 205B CE 49 20			dec co2
   105 205E D0 08			bne notyet2
   106 2060 EE 28 21			inc dl.lms02+1
   107 2063 A9 0C			lda #12
   108 2065 8D 49 20			sta co2
   109 2068			notyet2
   110 2068 CE 4A 20			dec co3
   111 206B D0 17			bne notyet3
   112 206D EE 31 21			inc dl.lms05+1
   113 2070 EE 34 21			inc dl.lms06+1
   114 2073 EE 37 21			inc dl.lms07+1
   115 2076 EE 3A 21			inc dl.lms08+1
   116 2079 EE 3D 21			inc dl.lms09+1
   117 207C EE 40 21			inc dl.lms10+1
   118 207F A9 18			lda #24
   119 2081 8D 4A 20			sta co3
   120 2084			notyet3
   121 					;inc HSCRL
   122 2084 4C 62 E4			jmp XITVBV
   123
   124
   125 				;
   126 				; DLI Routines
   127 				;
   128 2087 48			dli	pha
   129 2088 A9 4E			lda #$4e
   130 208A 8D 0A D4			sta WSYNC
   131 208D 8D 1A D0			sta COLBK
   132 2090 A9 9C			lda #<dli2
   133 2092 8D 00 02			sta $200
   134 2095 A9 20			lda #>dli2
   135 2097 8D 01 02			sta $201
   136 209A 68				pla
   137 209B 40				rti
   138
   139 209C 48			dli2	pha
   140 209D A9 4C			 	lda #$4c
   141 209F 8D 0A D4			 	sta WSYNC
   142 20A2 8D 1A D0			 	sta COLBK
   143 20A5 A9 B1				lda #<dli3
   144 20A7 8D 00 02				sta $200
   145 20AA A9 20				lda #>dli3
   146 20AC 8D 01 02				sta $201
   147 20AF 68				 	pla 
   148 20B0 40				 	rti
   149
   150 20B1 48			dli3	pha
   151 20B2 A9 4A			 	lda #$4a
   152 20B4 8D 0A D4			 	sta WSYNC
   153 20B7 8D 1A D0			 	sta COLBK
   154 20BA A9 C6				lda #<dli4
   155 20BC 8D 00 02				sta $200
   156 20BF A9 20				lda #>dli4
   157 20C1 8D 01 02				sta $201
   158 20C4 68				 	pla 
   159 20C5 40				 	rti
   160
   161 20C6 48			dli4	pha
   162 20C7 A9 48			 	lda #$48
   163 20C9 8D 0A D4			 	sta WSYNC
   164 20CC 8D 1A D0			 	sta COLBK
   165 20CF A9 DB				lda #<dli5
   166 20D1 8D 00 02				sta $200
   167 20D4 A9 20				lda #>dli5
   168 20D6 8D 01 02				sta $201
   169 20D9 68				 	pla 
   170 20DA 40				 	rti
   171
   172 20DB 48			dli5	pha
   173 20DC A9 D4			 	lda #$d4
   174 20DE 8D 0A D4			 	sta WSYNC
   175 20E1 8D 1A D0			 	sta COLBK
   176 20E4 A9 D6			 	lda #$d6
   177 20E6 8D 16 D0			 	sta COLPF0
   178 20E9 A9 C2			 	lda #$c2
   179 20EB 8D 17 D0			 	sta COLPF1
   180 20EE A9 FA				lda #<dli6
   181 20F0 8D 00 02				sta $200
   182 20F3 A9 20				lda #>dli6
   183 20F5 8D 01 02				sta $201
   184 20F8 68				 	pla 
   185 20F9 40				 	rti
   186
   187 20FA 48			dli6	pha
   188 20FB A9 00			 	lda #$00
   189 20FD 8D 0A D4			 	sta WSYNC
   190 2100 8D 1A D0			 	sta COLBK
   191 2103 A9 48			 	lda #$48
   192 2105 8D 16 D0			 	sta COLPF0
   193 2108 A9 E0			 	lda #$E0
   194 210A 8D 09 D4			 	sta CHBASE
   195 210D A9 CA			 	lda #202
   196 210F 8D 17 D0			 	sta COLPF1
   197 2112 A9 87				lda #<dli
   198 2114 8D 00 02				sta $200
   199 2117 A9 20				lda #>dli
   200 2119 8D 01 02				sta $201
   201 211C 68				 	pla 
   202 211D 40				 	rti
   203
   204 				;-----------------------------
   205 				; Character shift routines
   206 				;-----------------------------
   207
   208 211E			copycset
   209 						 
   210 					
   211 211E 60					rts
   212 						
   213 					
   214
   215 				;-----------------------------
   216 				; Data	
   217 				;-----------------------------
   218 				; Display List
   219 				;
   220 211F				.local dl
   221 211F 70				.byte $70
   222 2120 45 00 40		lms00	.byte $45,$00,$40
   223 2123 45 00 41		lms01	.byte $45,$00,$41
   224 2126 20					.byte $20 ; for more space between clouds
   225 2127 44 00 42		lms02	.byte $44,$00,$42
   226 212A 44 00 43		lms03	.byte $44,$00,$43
   227 212D 44 00 44		lms04	.byte $44,$00,$44
   228 2130 44 00 45		lms05	.byte $44,$00,$45
   229 2133 E4 00 46		lms06	.byte $E4,$00,$46
   230 2136 E4 00 47		lms07	.byte $E4,$00,$47
   231 2139 E4 00 48		lms08	.byte $E4,$00,$48
   232 213C E4 00 49		lms09	.byte $E4,$00,$49
   233 213F E4 00 50		lms10	.byte $E4,$00,$50
   234 2142 44 00 51		lms11	.byte $44,$00,$51
   235 2145 44 00 52		lms12	.byte $44,$00,$52
   236 2148 44 00 53		lms13	.byte $44,$00,$53
   237 214B 44 00 54		lms14	.byte $44,$00,$54
   238 214E 44 00 55		lms15	.byte $44,$00,$55
   239 2151 44 00 56		lms16	.byte $44,$00,$56
   240 2154 44 00 57		lms17	.byte $44,$00,$57
   241 2157 44 00 58		lms18	.byte $44,$00,$58
   242 215A 44 00 60		lms19	.byte $44,$00,$60
   243 215D 44 00 61		lms20	.byte $44,$00,$61
   244 2160 44 00 62		lms21	.byte $44,$00,$62
   245 2163 44 00 63		lms22	.byte $44,$00,$63
   246 2166 D5 00 64		lms23	.byte $D5,$00,$64
   247 2169 47 00 65		txt		.byte $47,$00,$65
   248 216C 41 1F 21				.byte $41,a(dl)
   249 					.endl
   250 				;
   251 				; Screen memory
   252 				;
   253 216F				org $4000
   254 4000				.local sm
   255 4000-4047> 0E 0F 0F 0F + 	.byte 14,15,15,15,16,$00,$00,$0a,$0c,$0b,$0c,$0d,$00,$8a,$8c,$8b,$8c,$8d
   256 4012 0E 0F 0F 0F 10 00 + 	.byte 14,15,15,15,16,$00,$00,$0a,$0c,$0b,$0c,$0d,$00,$8a,$8c,$8b,$8c,$8d
   257 4024 0E 0F 0F 0F 10 00 + 	.byte 14,15,15,15,16,$00,$00,$0a,$0c,$0b,$0c,$0d,$00,$8a,$8c,$8b,$8c,$8d
   258 4036 0E 0F 0F 0F 10 00 + 	.byte 14,15,15,15,16,$00,$00,$0a,$0c,$0b,$0c,$0d,$00,$8a,$8c,$8b,$8c,$8d
   259 					.endl
   260 4048				org $4100
   261 4100-4147> 11 12 12 12 + 	.byte 17,18,18,18,19,0,0,0,0,0,0,0,0,0,0,0,0,0
   262 4112 11 12 12 12 13 00 + 	.byte 17,18,18,18,19,0,0,0,0,0,0,0,0,0,0,0,0,0
   263 4124 11 12 12 12 13 00 + 	.byte 17,18,18,18,19,0,0,0,0,0,0,0,0,0,0,0,0,0
   264 4136 11 12 12 12 13 00 + 	.byte 17,18,18,18,19,0,0,0,0,0,0,0,0,0,0,0,0,0
   265 					
   266 4148				org $4200
   267 					;.byte $00,$01,$02,$03,$04,$81,$82,$83,$84
   268 4200-424D> 00 00 0A 0C + 	.byte $00,$00,$0a,$0c,$0b,$0c,$0d,$00,$8a,$8c,$8b,$8c,$8d
   269 420D 00 00 0A 0C 0B 0C + 	.byte $00,$00,$0a,$0c,$0b,$0c,$0d,$00,$8a,$8c,$8b,$8c,$8d
   270 421A 00 00 0A 0C 0B 0C + 	.byte $00,$00,$0a,$0c,$0b,$0c,$0d,$00,$8a,$8c,$8b,$8c,$8d
   271 4227 00 00 0A 0C 0B 0C + 	.byte $00,$00,$0a,$0c,$0b,$0c,$0d,$00,$8a,$8c,$8b,$8c,$8d
   272 4234 00 00 0A 0C 0B 0C + 	.byte $00,$00,$0a,$0c,$0b,$0c,$0d,$00,$8a,$8c,$8b,$8c,$8d
   273 4241 00 00 0A 0C 0B 0C + 	.byte $00,$00,$0a,$0c,$0b,$0c,$0d,$00,$8a,$8c,$8b,$8c,$8d
   274 					
   275 424E				org $4300
   276 					;.byte $00,$05,$06,$07,$08,$85,$86,$87,$88
   277 4300				org $4400
   278 4400-4400> 00			.byte 00
   279 					
   280 4401				org $4500
   281 4500-451A> 00 00 00 00 + 	.byte 0,0,0,0,0,0,21,22,23,24,0,0,0,0,0,0,0,0,21,22,23,24,0,0,0,0,0
   282 				;	.byte 0,0,0,0,0,0,21,22,23,24,0,0,0,0,0,0,0,0,21,22,23,24,0,0,0,0,0
   283 					
   284 451B				org $4600
   285 4600-4620> 00 00 00 00 + 	.byte 0,0,0,0,149,150,153,153,153,153,151,152,0,0,0,0,149,150,153,153,153,153,151,152,0,0,0,0,0,21,22,23,24
   286 				;	.byte 0,0,0,0,149,150,153,153,153,153,151,152,0,0,0,0,149,150,153,153,153,153,151,152,0,0,0,0,0,21,22,23,24
   287
   288 4621				org $4700
   289 4700-4722> 00 00 95 96 + 	.byte 0,0,149,150,153,153,153,153,153,153,153,153,151,152,149,150,153,153,153,153,153,153,153,153,151,152
   290 471A 00 95 96 99 99 99 + 	.byte 0,149,150,153,153,153,153,151,152
   291 4723				org $4800
   292 4800-4824> 95 96 99 99 + 	.byte 149,150,153,153,153,153,153,153,153,153,153,153,153,153,156,157
   293 4810 99 99 99 99 99 99 +     .byte 153,153,153,153,153,153,153,153,153,153,156,157
   294 481C 99 99 99 99 99 99 +     .byte 153,153,153,153,153,153,153,151,152
   295 					
   296 4825				org $4900
   297 4900-4926> 99 99 99 99 + 	.byte 153,153,153,153,153,153,153,153,153,153,153,153,153,153,153,153,156,157
   298 4912 99 99 99 99 99 99 + 	.byte 153,153,153,153,153,153,153,153,153,153,156,157
   299 491E 99 99 99 99 99 99 + 	.byte 153,153,153,153,153,153,153,151,152
   300 					
   301 4927				org $5000
   302 5000-5028> 99 99 99 99 + 	.byte 153,153,153,153,153,153,153,153,153,153,153,153,153,153,153,153,153,153,156,157
   303 5014 99 99 99 99 99 99 + 	.byte 153,153,153,153,153,153,153,153,153,153,156,157
   304 5020 99 99 99 99 99 99 + 	.byte 153,153,153,153,153,153,153,151,152
   305 				; grass
   306 5029				org $5100
   307 5100-512F> 09 09 09 09 + 	.byte 9,9,9,9,9,9,9,9,9,9,9,9,9,9,9,9,9,9,9,9,9,9,9,9
   308 5118 09 09 09 09 09 09 + 	.byte 9,9,9,9,9,9,9,9,9,9,9,9,9,9,9,9,9,9,9,9,9,9,9,9	
   309
   310 5130				org $5200
   311 5200-522F> 09 09 09 09 + 	.byte 9,9,9,9,9,9,9,9,9,9,9,9,9,9,9,9,9,9,9,9,9,9,9,9
   312 5218 09 09 09 09 09 09 + 	.byte 9,9,9,9,9,9,9,9,9,9,9,9,9,9,9,9,9,9,9,9,9,9,9,9	
   313
   314 5230				org $5300
   315 5300-532F> 09 09 09 09 + 	.byte 9,9,9,9,9,9,9,9,9,9,9,9,9,9,9,9,9,9,9,9,9,9,9,9
   316 5318 09 09 09 09 09 09 + 	.byte 9,9,9,9,9,9,9,9,9,9,9,9,9,9,9,9,9,9,9,9,9,9,9,9	
   317
   318 5330				org $5400
   319 5400-542F> 09 09 09 09 + 	.byte 9,9,9,9,9,9,9,9,9,9,9,9,9,9,9,9,9,9,9,9,9,9,9,9
   320 5418 09 09 09 09 09 09 + 	.byte 9,9,9,9,9,9,9,9,9,9,9,9,9,9,9,9,9,9,9,9,9,9,9,9	
   321
   322 5430				org $5500
   323 5500-552F> 09 09 09 09 + 	.byte 9,9,9,9,9,9,9,9,9,9,9,9,9,9,9,9,9,9,9,9,9,9,9,9
   324 5518 09 09 09 09 09 09 + 	.byte 9,9,9,9,9,9,9,9,9,9,9,9,9,9,9,9,9,9,9,9,9,9,9,9	
   325
   326 5530				org $5600
   327 5600-562F> 09 09 09 09 + 	.byte 9,9,9,9,9,9,9,9,9,9,9,9,9,9,9,9,9,9,9,9,9,9,9,9
   328 5618 09 09 09 09 09 09 + 	.byte 9,9,9,9,9,9,9,9,9,9,9,9,9,9,9,9,9,9,9,9,9,9,9,9	
   329
   330 5630				org $5700
   331 5700-572F> 09 09 09 09 + 	.byte 9,9,9,9,9,9,9,9,9,9,9,9,9,9,9,9,9,9,9,9,9,9,9,9
   332 5718 09 09 09 09 09 09 + 	.byte 9,9,9,9,9,9,9,9,9,9,9,9,9,9,9,9,9,9,9,9,9,9,9,9	
   333
   334 5730				org $5800
   335 5800-582F> 09 09 09 09 + 	.byte 9,9,9,9,9,9,9,9,9,9,9,9,9,9,9,9,9,9,9,9,9,9,9,9
   336 5818 09 09 09 09 09 09 + 	.byte 9,9,9,9,9,9,9,9,9,9,9,9,9,9,9,9,9,9,9,9,9,9,9,9	
   337
   338 5830				org $5900
   339 5900-592F> 09 09 09 09 + 	.byte 9,9,9,9,9,9,9,9,9,9,9,9,9,9,9,9,9,9,9,9,9,9,9,9
   340 5918 09 09 09 09 09 09 + 	.byte 9,9,9,9,9,9,9,9,9,9,9,9,9,9,9,9,9,9,9,9,9,9,9,9	
   341
   342 5930				org $6000
   343 6000-602F> 09 09 09 09 + 	.byte 9,9,9,9,9,9,9,9,9,9,9,9,9,9,9,9,9,9,9,9,9,9,9,9
   344 6018 09 09 09 09 09 09 + 	.byte 9,9,9,9,9,9,9,9,9,9,9,9,9,9,9,9,9,9,9,9,9,9,9,9	
   345
   346 6030				org $6100
   347 6100-612F> 09 09 09 09 + 	.byte 9,9,9,9,9,9,9,9,9,9,9,9,9,9,9,9,9,9,9,9,9,9,9,9
   348 6118 09 09 09 09 09 09 + 	.byte 9,9,9,9,9,9,9,9,9,9,9,9,9,9,9,9,9,9,9,9,9,9,9,9	
   349
   350 6130				org $6200
   351 6200-622F> 09 09 09 09 + 	.byte 9,9,9,9,9,9,9,9,9,9,9,9,9,9,9,9,9,9,9,9,9,9,9,9
   352 6218 09 09 09 09 09 09 + 	.byte 9,9,9,9,9,9,9,9,9,9,9,9,9,9,9,9,9,9,9,9,9,9,9,9	
   353
   354 6230				org $6300
   355 6300-632F> 09 09 09 09 + 	.byte 9,9,9,9,9,9,9,9,9,9,9,9,9,9,9,9,9,9,9,9,9,9,9,9
   356 6318 09 09 09 09 09 09 + 	.byte 9,9,9,9,9,9,9,9,9,9,9,9,9,9,9,9,9,9,9,9,9,9,9,9	
   357
   358 6330				org $6400
   359 6400-643F> 14 14 14 14 + 	.byte 20,20,20,20,20,20,20,20,20,20,20,20,20,20,20,20
   360 6410 14 14 14 14 14 14 + 	.byte 20,20,20,20,20,20,20,20,20,20,20,20,20,20,20,20
   361 6420 14 14 14 14 14 14 + 	.byte 20,20,20,20,20,20,20,20,20,20,20,20,20,20,20,20
   362 6430 14 14 14 14 14 14 + 	.byte 20,20,20,20,20,20,20,20,20,20,20,20,20,20,20,20
   363 						
   364 6440				org $6500
   365 					;.local text	
   366 6500-6510> 00 00 33 61 + text	.byte "  Save the Future"
   367 					
   368 						
   369 				;
   370 				; Character sets
   371 				;
   372 6511				org $7000
   373 7000				.local chset0
   374 7000-70EF> 00 00 00 00 + 	.byte $00,$00,$00,$00,$00,$00,$00,$00
   375
   376
   377 7008 00				.byte %00000000
   378 7009 00				.byte %00000000
   379 700A 00				.byte %00000000
   380 700B 00				.byte %00000000
   381 700C 01				.byte %00000001
   382 700D 07				.byte %00000111
   383 700E 1F				.byte %00011111
   384 700F 7F				.byte %01111111
   385
   386
   387 7010 01				.byte %00000001
   388 7011 07				.byte %00000111
   389 7012 1F				.byte %00011111
   390 7013 7F				.byte %01111111
   391 7014 FF				.byte %11111111
   392 7015 FF				.byte %11111111
   393 7016 FF				.byte %11111111
   394 7017 FE				.byte %11111110
   395
   396 7018 40				.byte %01000000
   397 7019 D0				.byte %11010000
   398 701A F4				.byte %11110100
   399 701B FD				.byte %11111101
   400 701C FF				.byte %11111111
   401 701D FF				.byte %11111111
   402 701E FF				.byte %11111111
   403 701F BF				.byte %10111111
   404
   405 7020 00				.byte %00000000
   406 7021 00				.byte %00000000
   407 7022 00				.byte %00000000
   408 7023 00				.byte %00000000
   409 7024 40				.byte %01000000
   410 7025 D0				.byte %11010000
   411 7026 F4				.byte %11110100
   412 7027 FD				.byte %11111101
   413
   414 7028 7F				.byte %01111111
   415 7029 1F				.byte %00011111
   416 702A 07				.byte %00000111
   417 702B 01				.byte %00000001
   418 702C 00				.byte %00000000
   419 702D 00				.byte %00000000
   420 702E 00				.byte %00000000
   421 702F 00				.byte %00000000
   422
   423 7030 FE				.byte %11111110
   424 7031 FF				.byte %11111111
   425 7032 FF				.byte %11111111
   426 7033 FF				.byte %11111111
   427 7034 7F				.byte %01111111
   428 7035 1F				.byte %00011111
   429 7036 07				.byte %00000111
   430 7037 01				.byte %00000001
   431
   432 7038 BF				.byte %10111111
   433 7039 FF				.byte %11111111
   434 703A FF				.byte %11111111
   435 703B FF				.byte %11111111
   436 703C FD				.byte %11111101
   437 703D F4				.byte %11110100
   438 703E D0				.byte %11010000
   439 703F 40				.byte %01000000
   440
   441 7040 FD				.byte %11111101
   442 7041 F4				.byte %11110100
   443 7042 D0				.byte %11010000
   444 7043 40				.byte %01000000
   445 7044 00				.byte %00000000
   446 7045 00				.byte %00000000
   447 7046 00				.byte %00000000
   448 7047 00				.byte %00000000
   449 					
   450 					; #9 grass
   451
   452 7048 44				.byte %01000100
   453 7049 44				.byte %01000100
   454 704A 44				.byte %01000100
   455 704B 44				.byte %01000100
   456 704C 11				.byte %00010001
   457 704D 11				.byte %00010001
   458 704E 11				.byte %00010001
   459 704F AA				.byte %10101010
   460
   461 				; 10-13 cloud1
   462
   463 7050 05				.byte %00000101
   464 7051 1F				.byte %00011111
   465 7052 7F				.byte %01111111
   466 7053 7F				.byte %01111111
   467 7054 7F				.byte %01111111
   468 7055 7F				.byte %01111111
   469 7056 1F				.byte %00011111
   470 7057 05				.byte %00000101
   471
   472 				; 11
   473 7058 41				.byte %01000001
   474 7059 D7				.byte %11010111
   475 705A F7				.byte %11110111
   476 705B FF				.byte %11111111
   477 705C FF				.byte %11111111
   478 705D F7				.byte %11110111
   479 705E D7				.byte %11010111
   480 705F 41				.byte %01000001
   481 				; 12
   482 7060 55				.byte %01010101
   483 7061 FF				.byte %11111111
   484 7062 DF				.byte %11011111
   485 7063 FF				.byte %11111111
   486 7064 FF				.byte %11111111
   487 7065 F7				.byte %11110111
   488 7066 FF				.byte %11111111
   489 7067 55				.byte %01010101
   490 				; 13
   491 7068 50				.byte %01010000
   492 7069 F4				.byte %11110100			
   493 706A FD				.byte %11111101
   494 706B FD				.byte %11111101
   495 706C FD				.byte %11111101
   496 706D F4				.byte %11110100
   497 706E 50				.byte %01010000
   498 706F 50				.byte %01010000
   499
   500 				; 14-19  cloud 2 (large)
   501
   502 7070 01				.byte %00000001
   503 7071 07				.byte %00000111
   504 7072 07				.byte %00000111
   505 7073 1F				.byte %00011111
   506 7074 1F				.byte %00011111
   507 7075 7F				.byte %01111111
   508 7076 7F				.byte %01111111
   509 7077 7F				.byte %01111111
   510 					
   511 7078 55				.byte %01010101
   512 7079 FF				.byte %11111111
   513 707A FF				.byte %11111111
   514 707B FF				.byte %11111111
   515 707C FF				.byte %11111111
   516 707D FF				.byte %11111111
   517 707E FF				.byte %11111111
   518 707F FF				.byte %11111111
   519 					
   520 7080 40				.byte %01000000
   521 7081 D0				.byte %11010000
   522 7082 D0				.byte %11010000
   523 7083 F4				.byte %11110100
   524 7084 F4				.byte %11110100
   525 7085 FD				.byte %11111101
   526 7086 FD				.byte %11111101
   527 7087 FD				.byte %11111101
   528
   529 7088 7F				.byte %01111111
   530 7089 7F				.byte %01111111
   531 708A 7F				.byte %01111111
   532 708B 1F				.byte %00011111
   533 708C 1F				.byte %00011111
   534 708D 07				.byte %00000111
   535 708E 07				.byte %00000111
   536 708F 01				.byte %00000001
   537 						
   538 7090 FF				.byte %11111111
   539 7091 FF				.byte %11111111
   540 7092 FF				.byte %11111111
   541 7093 FF				.byte %11111111
   542 7094 FF				.byte %11111111
   543 7095 FF				.byte %11111111
   544 7096 FF				.byte %11111111
   545 7097 55				.byte %01010101
   546 					
   547 7098 FD				.byte %11111101
   548 7099 FD				.byte %11111101
   549 709A FD				.byte %11111101
   550 709B F4				.byte %11110100
   551 709C F4				.byte %11110100
   552 709D D0				.byte %11010000
   553 709E D0				.byte %11010000
   554 709F 40				.byte %01000000
   555 					
   556 					;20 Grass 2
   557 70A0 44				.byte %01000100
   558 70A1 44				.byte %01000100
   559 70A2 44				.byte %01000100
   560 70A3 44				.byte %01000100
   561 70A4 11				.byte %00010001
   562 70A5 11				.byte %00010001
   563 70A6 11				.byte %00010001
   564 70A7 AA				.byte %10101010
   565
   566 					; 21-   Mointains
   567 70A8 00				.byte %00000000
   568 70A9 00				.byte %00000000
   569 70AA 00				.byte %00000000
   570 70AB 00				.byte %00000000
   571 70AC 01				.byte %00000001
   572 70AD 07				.byte %00000111
   573 70AE 1F				.byte %00011111
   574 70AF 7F				.byte %01111111
   575 				;22
   576 70B0 01				.byte %00000001
   577 70B1 07				.byte %00000111
   578 70B2 1F				.byte %00011111
   579 70B3 7F				.byte %01111111
   580 70B4 FF				.byte %11111111
   581 70B5 FF				.byte %11111111
   582 70B6 FF				.byte %11111111
   583 70B7 FF				.byte %11111111
   584 						
   585 				;23	
   586 70B8 40				.byte %01000000
   587 70B9 D0				.byte %11010000
   588 70BA F4				.byte %11110100
   589 70BB FD				.byte %11111101
   590 70BC FF				.byte %11111111
   591 70BD FF				.byte %11111111
   592 70BE FF				.byte %11111111
   593 70BF FF				.byte %11111111
   594 				;24	
   595 70C0 00				.byte %00000000
   596 70C1 00				.byte %00000000
   597 70C2 00				.byte %00000000
   598 70C3 00				.byte %00000000
   599 70C4 40				.byte %01000000
   600 70C5 D0				.byte %11010000
   601 70C6 F4				.byte %11110100
   602 70C7 FD				.byte %11111101
   603 				;25
   604 70C8 FF				.byte %11111111
   605 70C9 FF				.byte %11111111
   606 70CA FF				.byte %11111111
   607 70CB FF				.byte %11111111
   608 70CC FF				.byte %11111111
   609 70CD FF				.byte %11111111
   610 70CE FF				.byte %11111111
   611 70CF FF				.byte %11111111
   612 				;26
   613 70D0 FF				.byte %11111111
   614 70D1 FF				.byte %11111111
   615 70D2 FF				.byte %11111111
   616 70D3 FF				.byte %11111111
   617 70D4 FD				.byte %11111101
   618 70D5 F7				.byte %11110111
   619 70D6 DF				.byte %11011111
   620 70D7 7F				.byte %01111111
   621 				;27
   622 70D8 FE				.byte %11111110
   623 70D9 F7				.byte %11110111
   624 70DA DF				.byte %11011111
   625 70DB 7F				.byte %01111111
   626 70DC FF				.byte %11111111
   627 70DD FF				.byte %11111111
   628 70DE FF				.byte %11111111
   629 70DF FF				.byte %11111111
   630 				;28						
   631 70E0 7F				.byte %01111111
   632 70E1 DF				.byte %11011111
   633 70E2 F7				.byte %11110111
   634 70E3 FD				.byte %11111101
   635 70E4 FF				.byte %11111111
   636 70E5 FF				.byte %11111111
   637 70E6 FF				.byte %11111111
   638 70E7 FF				.byte %11111111
   639 				;29
   640 70E8 FF				.byte %11111111
   641 70E9 FF				.byte %11111111
   642 70EA FF				.byte %11111111
   643 70EB FF				.byte %11111111
   644 70EC 7F				.byte %01111111
   645 70ED DF				.byte %11011111
   646 70EE F7				.byte %11110111
   647 70EF FD				.byte %11111101
   648
   649 					.endl
   650 				;shifted sets 3 - 2 - 1 - 4
   651
   652
   653 70F0				org $7400
   654 7400				.local chset1
   655 					.endl
   656 7400				org $7800
   657 7800				.local chset2
   658 7800				org $8200
   659 					.endl
   660 8200				.local chset3
   661 8200				org $8600
   662 					.endl
   663 					
